Using pre-set license
Built from '2021.3/staging' branch; Version is '2021.3.5f1 (40eb3a945986) revision 4254522'; Using compiler version '192829333'; Build Type 'Release'
OS: 'Windows 10  (10.0.19045) 64bit Core' Language: 'ko' Physical Memory: 15771 MB
BatchMode: 1, IsHumanControllingUs: 0, StartBugReporterOnCrash: 0, Is64bit: 1, IsPro: 1

COMMAND LINE ARGUMENTS:
C:\Program Files\Unity\Hub\Editor\2021.3.5f1\Editor\Unity.exe
-adb2
-batchMode
-noUpm
-name
AssetImportWorker2
-projectPath
C:/Users/SeLee/UnityProjects/coolguy-game
-logFile
Logs/AssetImportWorker2.log
-srvPort
8173
Successfully changed project path to: C:/Users/SeLee/UnityProjects/coolguy-game
C:/Users/SeLee/UnityProjects/coolguy-game
[UnityMemory] Configuration Parameters - Can be set up in boot.config
    "memorysetup-bucket-allocator-granularity=16"
    "memorysetup-bucket-allocator-bucket-count=8"
    "memorysetup-bucket-allocator-block-size=33554432"
    "memorysetup-bucket-allocator-block-count=8"
    "memorysetup-main-allocator-block-size=16777216"
    "memorysetup-thread-allocator-block-size=16777216"
    "memorysetup-gfx-main-allocator-block-size=16777216"
    "memorysetup-gfx-thread-allocator-block-size=16777216"
    "memorysetup-cache-allocator-block-size=4194304"
    "memorysetup-typetree-allocator-block-size=2097152"
    "memorysetup-profiler-bucket-allocator-granularity=16"
    "memorysetup-profiler-bucket-allocator-bucket-count=8"
    "memorysetup-profiler-bucket-allocator-block-size=33554432"
    "memorysetup-profiler-bucket-allocator-block-count=8"
    "memorysetup-profiler-allocator-block-size=16777216"
    "memorysetup-profiler-editor-allocator-block-size=1048576"
    "memorysetup-temp-allocator-size-main=16777216"
    "memorysetup-job-temp-allocator-block-size=2097152"
    "memorysetup-job-temp-allocator-block-size-background=1048576"
    "memorysetup-job-temp-allocator-reduction-small-platforms=262144"
    "memorysetup-temp-allocator-size-background-worker=32768"
    "memorysetup-temp-allocator-size-job-worker=262144"
    "memorysetup-temp-allocator-size-preload-manager=33554432"
    "memorysetup-temp-allocator-size-nav-mesh-worker=65536"
    "memorysetup-temp-allocator-size-audio-worker=65536"
    "memorysetup-temp-allocator-size-cloud-worker=32768"
    "memorysetup-temp-allocator-size-gi-baking-worker=262144"
    "memorysetup-temp-allocator-size-gfx=262144"
Refreshing native plugins compatible for Editor in 69.65 ms, found 2 plugins.
Preloading 0 native plugins for Editor in 0.00 ms.
Initialize engine version: 2021.3.5f1 (40eb3a945986)
[Subsystems] Discovering subsystems at path C:/Program Files/Unity/Hub/Editor/2021.3.5f1/Editor/Data/Resources/UnitySubsystems
[Subsystems] Discovering subsystems at path C:/Users/SeLee/UnityProjects/coolguy-game/Assets
GfxDevice: creating device client; threaded=0; jobified=0
Direct3D:
    Version:  Direct3D 11.0 [level 11.1]
    Renderer: AMD Radeon(TM) Graphics (ID=0x1638)
    Vendor:   ATI
    VRAM:     7885 MB
    Driver:   27.20.14032.8
Initialize mono
Mono path[0] = 'C:/Program Files/Unity/Hub/Editor/2021.3.5f1/Editor/Data/Managed'
Mono path[1] = 'C:/Program Files/Unity/Hub/Editor/2021.3.5f1/Editor/Data/MonoBleedingEdge/lib/mono/unityjit-win32'
Mono config path = 'C:/Program Files/Unity/Hub/Editor/2021.3.5f1/Editor/Data/MonoBleedingEdge/etc'
Using monoOptions --debugger-agent=transport=dt_socket,embedding=1,server=y,suspend=n,address=127.0.0.1:56816
Begin MonoManager ReloadAssembly
Registering precompiled unity dll's ...
Register platform support module: C:/Program Files/Unity/Hub/Editor/2021.3.5f1/Editor/Data/PlaybackEngines/WindowsStandaloneSupport/UnityEditor.WindowsStandalone.Extensions.dll
Registered in 0.015306 seconds.
Native extension for WindowsStandalone target not found
Refreshing native plugins compatible for Editor in 53.88 ms, found 2 plugins.
Preloading 0 native plugins for Editor in 0.00 ms.
Mono: successfully reloaded assembly
- Completed reload, in  0.613 seconds
Domain Reload Profiling:
	ReloadAssembly (615ms)
		BeginReloadAssembly (95ms)
			ExecutionOrderSort (0ms)
			DisableScriptedObjects (0ms)
			BackupInstance (0ms)
			ReleaseScriptingObjects (0ms)
			CreateAndSetChildDomain (1ms)
		EndReloadAssembly (398ms)
			LoadAssemblies (90ms)
			RebuildTransferFunctionScriptingTraits (0ms)
			SetupTypeCache (99ms)
			ReleaseScriptCaches (0ms)
			RebuildScriptCaches (21ms)
			SetupLoadedEditorAssemblies (220ms)
				LogAssemblyErrors (0ms)
				InitializePlatformSupportModulesInManaged (10ms)
				SetLoadedEditorAssemblies (0ms)
				RefreshPlugins (54ms)
				BeforeProcessingInitializeOnLoad (1ms)
				ProcessInitializeOnLoadAttributes (109ms)
				ProcessInitializeOnLoadMethodAttributes (46ms)
				AfterProcessingInitializeOnLoad (0ms)
				EditorAssembliesLoaded (0ms)
			ExecutionOrderSort2 (0ms)
			AwakeInstancesAfterBackupRestoration (0ms)
Platform modules already initialized, skipping
Registering precompiled user dll's ...
Registered in 0.010961 seconds.
Begin MonoManager ReloadAssembly
Native extension for WindowsStandalone target not found
Refreshing native plugins compatible for Editor in 0.68 ms, found 2 plugins.
Preloading 0 native plugins for Editor in 0.00 ms.
Package Manager log level set to [2]
Mono: successfully reloaded assembly
- Completed reload, in  1.004 seconds
Domain Reload Profiling:
	ReloadAssembly (1005ms)
		BeginReloadAssembly (131ms)
			ExecutionOrderSort (0ms)
			DisableScriptedObjects (5ms)
			BackupInstance (0ms)
			ReleaseScriptingObjects (0ms)
			CreateAndSetChildDomain (21ms)
		EndReloadAssembly (747ms)
			LoadAssemblies (112ms)
			RebuildTransferFunctionScriptingTraits (0ms)
			SetupTypeCache (153ms)
			ReleaseScriptCaches (1ms)
			RebuildScriptCaches (37ms)
			SetupLoadedEditorAssemblies (414ms)
				LogAssemblyErrors (0ms)
				InitializePlatformSupportModulesInManaged (8ms)
				SetLoadedEditorAssemblies (0ms)
				RefreshPlugins (1ms)
				BeforeProcessingInitializeOnLoad (83ms)
				ProcessInitializeOnLoadAttributes (181ms)
				ProcessInitializeOnLoadMethodAttributes (122ms)
				AfterProcessingInitializeOnLoad (19ms)
				EditorAssembliesLoaded (0ms)
			ExecutionOrderSort2 (0ms)
			AwakeInstancesAfterBackupRestoration (11ms)
Platform modules already initialized, skipping
========================================================================
Worker process is ready to serve import requests
Launched and connected shader compiler UnityShaderCompiler.exe after 0.07 seconds
Refreshing native plugins compatible for Editor in 0.70 ms, found 2 plugins.
Preloading 0 native plugins for Editor in 0.00 ms.
Unloading 2361 Unused Serialized files (Serialized files now loaded: 0)
Unloading 58 unused Assets / (56.3 KB). Loaded Objects now: 2795.
Memory consumption went from 90.1 MB to 90.1 MB.
Total: 5.955800 ms (FindLiveObjects: 0.233600 ms CreateObjectMapping: 0.073800 ms MarkObjects: 5.572000 ms  DeleteObjects: 0.075700 ms)

AssetImportParameters requested are different than current active one (requested -> active):
  custom:video-decoder-ogg-theora: a1e56fd34408186e4bbccfd4996cb3dc -> 
  custom:container-muxer-webm: aa71ff27fc2769a1b78a27578f13a17b -> 
  custom:container-demuxer-webm: 4f35f7cbe854078d1ac9338744f61a02 -> 
  custom:video-encoder-webm-vp8: eb34c28f22e8b96e1ab97ce403110664 -> 
  custom:audio-encoder-webm-vorbis: bf7c407c2cedff20999df2af8eb42d56 -> 
  custom:framework-win-MediaFoundation: 216162199b28c13a410421893ffa2e32 -> 
  custom:container-demuxer-ogg: 62fdf1f143b41e24485cea50d1cbac27 -> 
  custom:video-decoder-webm-vp8: 9c59270c3fd7afecdb556c50c9e8de78 -> 
  custom:audio-decoder-ogg-vorbis: bf7c407c2cedff20999df2af8eb42d56 -> 
========================================================================
Received Import Request.
  Time since last request: 218274.163260 seconds.
  path: Assets/Sprites/raw/TreeShadow.png
  artifactKey: Guid(a5019935e624e6e448e7afbf47582805) Importer(815301076,1909f56bfc062723c751e8b465ee728b)
Start importing Assets/Sprites/raw/TreeShadow.png using Guid(a5019935e624e6e448e7afbf47582805) Importer(815301076,1909f56bfc062723c751e8b465ee728b)  -> (artifact id: '6122bf2b8546b156f948d19314df598a') in 0.260550 seconds 
========================================================================
Received Import Request.
  Time since last request: 0.000018 seconds.
  path: Assets/Sprites/Tree.png
  artifactKey: Guid(419fce583c64dd3459a47e11830a07f5) Importer(815301076,1909f56bfc062723c751e8b465ee728b)
Start importing Assets/Sprites/Tree.png using Guid(419fce583c64dd3459a47e11830a07f5) Importer(815301076,1909f56bfc062723c751e8b465ee728b)  -> (artifact id: 'a925211329c8ffd479d885c555de2a4b') in 0.044623 seconds 
========================================================================
Received Import Request.
  Time since last request: 0.000035 seconds.
  path: Assets/Sprites/Character.png
  artifactKey: Guid(12422d304340ff448939c92912d11e5a) Importer(815301076,1909f56bfc062723c751e8b465ee728b)
Start importing Assets/Sprites/Character.png using Guid(12422d304340ff448939c92912d11e5a) Importer(815301076,1909f56bfc062723c751e8b465ee728b)  -> (artifact id: '1a09feda1d97e49534803b8bc560868f') in 0.128877 seconds 
========================================================================
Received Import Request.
  Time since last request: 0.000021 seconds.
  path: Assets/Sprites/TreeShadow.png
  artifactKey: Guid(d5f03241f351a8b48afe9bc5971430cb) Importer(815301076,1909f56bfc062723c751e8b465ee728b)
Start importing Assets/Sprites/TreeShadow.png using Guid(d5f03241f351a8b48afe9bc5971430cb) Importer(815301076,1909f56bfc062723c751e8b465ee728b)  -> (artifact id: '63ad71667810a0020dabcff4c132710e') in 0.018874 seconds 
========================================================================
Received Import Request.
  Time since last request: 0.000018 seconds.
  path: Assets/Sprites/Background.png
  artifactKey: Guid(2b13954a64cd06c4f85472e66e8d89ed) Importer(815301076,1909f56bfc062723c751e8b465ee728b)
Start importing Assets/Sprites/Background.png using Guid(2b13954a64cd06c4f85472e66e8d89ed) Importer(815301076,1909f56bfc062723c751e8b465ee728b)  -> (artifact id: '3559f00883172d386fe9f684b1564fda') in 0.399997 seconds 
========================================================================
Received Import Request.
  Time since last request: 0.000021 seconds.
  path: Assets/Sprites/Swoosh.png
  artifactKey: Guid(d6d9a87e39f233945bcd859a0a9d0947) Importer(815301076,1909f56bfc062723c751e8b465ee728b)
Start importing Assets/Sprites/Swoosh.png using Guid(d6d9a87e39f233945bcd859a0a9d0947) Importer(815301076,1909f56bfc062723c751e8b465ee728b)  -> (artifact id: 'da8f247df8357085a9f6bc01cc3596d7') in 0.021648 seconds 
========================================================================
Received Import Request.
  Time since last request: 0.000039 seconds.
  path: Assets/Sprites/Beam.png
  artifactKey: Guid(77189115110da0545ac04da67fa8546e) Importer(815301076,1909f56bfc062723c751e8b465ee728b)
Start importing Assets/Sprites/Beam.png using Guid(77189115110da0545ac04da67fa8546e) Importer(815301076,1909f56bfc062723c751e8b465ee728b)  -> (artifact id: 'b00ff7abd33fe7b02bad35f216ba3014') in 0.108313 seconds 
========================================================================
Received Import Request.
  Time since last request: 0.000017 seconds.
  path: Assets/Sprites/raw/Tree.png
  artifactKey: Guid(d65ee79ff16967e48bddbe659c16d849) Importer(815301076,1909f56bfc062723c751e8b465ee728b)
Start importing Assets/Sprites/raw/Tree.png using Guid(d65ee79ff16967e48bddbe659c16d849) Importer(815301076,1909f56bfc062723c751e8b465ee728b)  -> (artifact id: 'a0ee177d024d735cf35b310f78e2ed3a') in 0.017844 seconds 
========================================================================
Received Import Request.
  Time since last request: 0.000029 seconds.
  path: Assets/Sprites/Terrain.png
  artifactKey: Guid(258d0a915696d5f44a6c5df9519fe12d) Importer(815301076,1909f56bfc062723c751e8b465ee728b)
Start importing Assets/Sprites/Terrain.png using Guid(258d0a915696d5f44a6c5df9519fe12d) Importer(815301076,1909f56bfc062723c751e8b465ee728b)  -> (artifact id: 'aa2becf6815b9d033159651d288a92ad') in 0.024840 seconds 
========================================================================
Received Import Request.
  Time since last request: 0.000022 seconds.
  path: Assets/Sprites/raw/icon.png
  artifactKey: Guid(0bf1894a3f3543c4b967e0428b48b06e) Importer(815301076,1909f56bfc062723c751e8b465ee728b)
Start importing Assets/Sprites/raw/icon.png using Guid(0bf1894a3f3543c4b967e0428b48b06e) Importer(815301076,1909f56bfc062723c751e8b465ee728b)  -> (artifact id: '815ef02aad095c1a9cf0414402a8a1a0') in 0.019862 seconds 
========================================================================
Received Import Request.
  Time since last request: 0.000018 seconds.
  path: Assets/Sprites/Explosion.png
  artifactKey: Guid(dcd127b37aae8504695219373765a6f7) Importer(815301076,1909f56bfc062723c751e8b465ee728b)
Start importing Assets/Sprites/Explosion.png using Guid(dcd127b37aae8504695219373765a6f7) Importer(815301076,1909f56bfc062723c751e8b465ee728b)  -> (artifact id: '7323049c3cd8e004ee1f38dc5d388d94') in 0.080774 seconds 
Editor requested this worker to shutdown with reason: Scaling down because of idle timeout
AssetImportWorker is now disconnected from the server
Process exiting
Exiting without the bug reporter. Application will terminate with return code 0